<?xml version="1.0" encoding="UTF-8"?>
<!-- Generated by org.testng.reporters.JUnitXMLReporter -->
<testsuite ignored="0" hostname="LAPTOP-LHPKLU7B" failures="0" tests="2" name="Submit Order Test" time="8.669" errors="0" timestamp="2023-04-30T23:24:25 IST">
  <testcase classname="pageObjects.ErrorValidations" name="submitOrder" time="0.347">
    <skipped/>
  </testcase> <!-- submitOrder -->
  <testcase classname="pageObjects.ErrorValidations" name="submitOrder" time="0.354"/>
</testsuite> <!-- Submit Order Test -->
