<?xml version="1.0" encoding="UTF-8"?>
<!-- Generated by org.testng.reporters.JUnitXMLReporter -->
<testsuite ignored="0" hostname="LAPTOP-LHPKLU7B" failures="0" tests="3" name="Submit Order" time="44.017" errors="0" timestamp="2023-04-30T23:25:00 IST">
  <testcase classname="pageObjects.standAlone" name="submitOrder" time="15.91"/>
  <testcase classname="pageObjects.standAlone" name="submitOrder" time="15.84"/>
  <testcase classname="pageObjects.standAlone" name="orderHistory" time="0.494"/>
</testsuite> <!-- Submit Order -->
